[2024-01-02 16:09:02,295][kospeech.utils][INFO] - audio:
  audio_extension: pcm
  sample_rate: 16000
  frame_length: 20
  frame_shift: 10
  normalize: true
  del_silence: true
  feature_extract_by: kaldi
  time_mask_num: 4
  freq_mask_num: 2
  spec_augment: true
  input_reverse: false
  transform_method: fbank
  n_mels: 80
  freq_mask_para: 18
model:
  architecture: deepspeech2
  teacher_forcing_ratio: 1.0
  teacher_forcing_step: 0.0
  min_teacher_forcing_ratio: 1.0
  dropout: 0.3
  bidirectional: false
  joint_ctc_attention: false
  max_len: 400
  use_bidirectional: true
  rnn_type: gru
  hidden_dim: 1024
  activation: hardtanh
  num_encoder_layers: 3
train:
  dataset: kspon
  dataset_path: /home/use08174/stt/kospeech/dataset/kspon/korean_audio/KSponSpeech
  transcripts_path: ../../../data/transcripts.txt
  output_unit: character
  batch_size: 32
  save_result_every: 1000
  checkpoint_every: 5000
  print_every: 10
  mode: train
  num_workers: 4
  use_cuda: true
  num_threads: 2
  init_lr_scale: 0.01
  final_lr_scale: 0.05
  max_grad_norm: 400
  weight_decay: 1.0e-05
  total_steps: 200000
  seed: 777
  resume: false
  optimizer: adam
  init_lr: 1.0e-06
  final_lr: 1.0e-06
  peak_lr: 0.0001
  warmup_steps: 400
  num_epochs: 70
  reduction: mean
  lr_scheduler: tri_stage_lr_scheduler

[2024-01-02 16:09:03,746][kospeech.utils][INFO] - Operating System : Linux 3.10.0-1160.15.2.el7.x86_64
[2024-01-02 16:09:03,746][kospeech.utils][INFO] - Processor : x86_64
[2024-01-02 16:09:03,758][kospeech.utils][INFO] - device : NVIDIA GeForce RTX 3090
[2024-01-02 16:09:03,758][kospeech.utils][INFO] - CUDA is available : True
[2024-01-02 16:09:03,758][kospeech.utils][INFO] - CUDA version : 12.1
[2024-01-02 16:09:03,758][kospeech.utils][INFO] - PyTorch version : 2.1.2+cu121
[2024-01-02 16:09:03,787][kospeech.utils][INFO] - split dataset start !!
[2024-01-02 16:09:04,292][kospeech.utils][INFO] - Applying Spec Augmentation...
[2024-01-02 16:09:04,327][kospeech.utils][INFO] - Applying Spec Augmentation...
[2024-01-02 16:09:04,357][kospeech.utils][INFO] - Applying Spec Augmentation...
[2024-01-02 16:09:04,513][kospeech.utils][INFO] - Applying Spec Augmentation...
[2024-01-02 16:09:04,549][kospeech.utils][INFO] - split dataset complete !!
