Training on KsponSpeech Dataset with deepSpeech2 .. 
Traceback (most recent call last):
  File "./bin/inference.py", line 16, in <module>
    import torch
ModuleNotFoundError: No module named 'torch'
[2024-01-02 20:09:08,430][kospeech.utils][INFO] - step: 1850/3624, loss: 0.659040, cer: 0.49, elapsed: 7.29s 22.04m 3.32h, lr: 0.000100
[2024-01-02 20:09:16,429][kospeech.utils][INFO] - step: 1860/3624, loss: 0.954621, cer: 0.49, elapsed: 8.00s 22.18m 3.32h, lr: 0.000100
[2024-01-02 20:09:24,504][kospeech.utils][INFO] - step: 1870/3624, loss: 0.919981, cer: 0.49, elapsed: 8.07s 22.31m 3.32h, lr: 0.000100
[2024-01-02 20:09:31,758][kospeech.utils][INFO] - step: 1880/3624, loss: 0.909752, cer: 0.49, elapsed: 7.25s 22.43m 3.32h, lr: 0.000100
[2024-01-02 20:09:39,373][kospeech.utils][INFO] - step: 1890/3624, loss: 1.129802, cer: 0.49, elapsed: 7.61s 22.56m 3.33h, lr: 0.000100
[2024-01-02 20:09:46,244][kospeech.utils][INFO] - step: 1900/3624, loss: 0.647289, cer: 0.49, elapsed: 6.87s 22.67m 3.33h, lr: 0.000100
[2024-01-02 20:09:53,170][kospeech.utils][INFO] - step: 1910/3624, loss: 0.744419, cer: 0.49, elapsed: 6.92s 22.79m 3.33h, lr: 0.000100
[2024-01-02 20:09:59,904][kospeech.utils][INFO] - step: 1920/3624, loss: 0.819119, cer: 0.49, elapsed: 6.73s 22.90m 3.33h, lr: 0.000100
[2024-01-02 20:10:06,661][kospeech.utils][INFO] - step: 1930/3624, loss: 0.914647, cer: 0.49, elapsed: 6.76s 23.01m 3.33h, lr: 0.000100
[2024-01-02 20:10:13,405][kospeech.utils][INFO] - step: 1940/3624, loss: 1.005307, cer: 0.49, elapsed: 6.74s 23.13m 3.34h, lr: 0.000100
[2024-01-02 20:10:19,543][kospeech.utils][INFO] - step: 1950/3624, loss: 0.903786, cer: 0.49, elapsed: 6.14s 23.23m 3.34h, lr: 0.000100
[2024-01-02 20:10:26,540][kospeech.utils][INFO] - step: 1960/3624, loss: 0.773846, cer: 0.49, elapsed: 7.00s 23.35m 3.34h, lr: 0.000100
[2024-01-02 20:10:33,912][kospeech.utils][INFO] - step: 1970/3624, loss: 0.739060, cer: 0.49, elapsed: 7.37s 23.47m 3.34h, lr: 0.000100
[2024-01-02 20:10:41,731][kospeech.utils][INFO] - step: 1980/3624, loss: 0.823592, cer: 0.49, elapsed: 7.82s 23.60m 3.34h, lr: 0.000100
[2024-01-02 20:10:47,571][kospeech.utils][INFO] - step: 1990/3624, loss: 1.031982, cer: 0.49, elapsed: 5.83s 23.70m 3.35h, lr: 0.000100
[2024-01-02 20:10:54,822][kospeech.utils][INFO] - step: 2000/3624, loss: 0.947990, cer: 0.49, elapsed: 7.25s 23.82m 3.35h, lr: 0.000100
[2024-01-02 20:11:02,251][kospeech.utils][INFO] - step: 2010/3624, loss: 1.010921, cer: 0.49, elapsed: 7.43s 23.94m 3.35h, lr: 0.000100
[2024-01-02 20:11:09,591][kospeech.utils][INFO] - step: 2020/3624, loss: 0.916324, cer: 0.49, elapsed: 7.34s 24.06m 3.35h, lr: 0.000100
[2024-01-02 20:11:16,437][kospeech.utils][INFO] - step: 2030/3624, loss: 0.826454, cer: 0.49, elapsed: 6.84s 24.18m 3.35h, lr: 0.000100
[2024-01-02 20:11:24,301][kospeech.utils][INFO] - step: 2040/3624, loss: 0.784358, cer: 0.49, elapsed: 7.86s 24.31m 3.36h, lr: 0.000100
[2024-01-02 20:11:30,554][kospeech.utils][INFO] - step: 2050/3624, loss: 0.758305, cer: 0.49, elapsed: 6.25s 24.41m 3.36h, lr: 0.000100
[2024-01-02 20:11:36,940][kospeech.utils][INFO] - step: 2060/3624, loss: 0.847986, cer: 0.49, elapsed: 6.38s 24.52m 3.36h, lr: 0.000100
[2024-01-02 20:11:44,219][kospeech.utils][INFO] - step: 2070/3624, loss: 0.939882, cer: 0.49, elapsed: 7.28s 24.64m 3.36h, lr: 0.000100
[2024-01-02 20:11:51,050][kospeech.utils][INFO] - step: 2080/3624, loss: 0.846103, cer: 0.49, elapsed: 6.83s 24.75m 3.36h, lr: 0.000100
[2024-01-02 20:11:58,118][kospeech.utils][INFO] - step: 2090/3624, loss: 0.904525, cer: 0.49, elapsed: 7.07s 24.87m 3.36h, lr: 0.000100
[2024-01-02 20:12:06,655][kospeech.utils][INFO] - step: 2100/3624, loss: 0.809500, cer: 0.49, elapsed: 8.54s 25.01m 3.37h, lr: 0.000100
[2024-01-02 20:12:13,936][kospeech.utils][INFO] - step: 2110/3624, loss: 0.789987, cer: 0.49, elapsed: 7.28s 25.14m 3.37h, lr: 0.000100
[2024-01-02 20:12:20,787][kospeech.utils][INFO] - step: 2120/3624, loss: 0.845619, cer: 0.49, elapsed: 6.85s 25.25m 3.37h, lr: 0.000100
[2024-01-02 20:12:27,681][kospeech.utils][INFO] - step: 2130/3624, loss: 0.894670, cer: 0.49, elapsed: 6.89s 25.37m 3.37h, lr: 0.000100
[2024-01-02 20:12:33,976][kospeech.utils][INFO] - step: 2140/3624, loss: 0.908846, cer: 0.49, elapsed: 6.30s 25.47m 3.37h, lr: 0.000100
[2024-01-02 20:12:41,408][kospeech.utils][INFO] - step: 2150/3624, loss: 0.842484, cer: 0.49, elapsed: 7.43s 25.59m 3.38h, lr: 0.000100
[2024-01-02 20:12:48,483][kospeech.utils][INFO] - step: 2160/3624, loss: 0.827126, cer: 0.49, elapsed: 7.01s 25.71m 3.38h, lr: 0.000100
[2024-01-02 20:12:54,379][kospeech.utils][INFO] - step: 2170/3624, loss: 0.771159, cer: 0.49, elapsed: 5.90s 25.81m 3.38h, lr: 0.000100
[2024-01-02 20:13:02,075][kospeech.utils][INFO] - step: 2180/3624, loss: 0.836102, cer: 0.49, elapsed: 7.69s 25.94m 3.38h, lr: 0.000100
[2024-01-02 20:13:09,017][kospeech.utils][INFO] - step: 2190/3624, loss: 0.852677, cer: 0.49, elapsed: 6.94s 26.05m 3.38h, lr: 0.000100
[2024-01-02 20:13:16,301][kospeech.utils][INFO] - step: 2200/3624, loss: 0.743080, cer: 0.49, elapsed: 7.28s 26.18m 3.39h, lr: 0.000100
[2024-01-02 20:13:22,599][kospeech.utils][INFO] - step: 2210/3624, loss: 0.929808, cer: 0.49, elapsed: 6.30s 26.28m 3.39h, lr: 0.000100
[2024-01-02 20:13:29,471][kospeech.utils][INFO] - step: 2220/3624, loss: 0.818274, cer: 0.49, elapsed: 6.87s 26.39m 3.39h, lr: 0.000100
[2024-01-02 20:13:36,664][kospeech.utils][INFO] - step: 2230/3624, loss: 0.685814, cer: 0.49, elapsed: 7.19s 26.51m 3.39h, lr: 0.000100
[2024-01-02 20:13:44,021][kospeech.utils][INFO] - step: 2240/3624, loss: 0.787073, cer: 0.49, elapsed: 7.36s 26.64m 3.39h, lr: 0.000100
[2024-01-02 20:13:51,006][kospeech.utils][INFO] - step: 2250/3624, loss: 0.869289, cer: 0.49, elapsed: 6.98s 26.75m 3.40h, lr: 0.000100
[2024-01-02 20:13:58,088][kospeech.utils][INFO] - step: 2260/3624, loss: 0.695548, cer: 0.49, elapsed: 7.08s 26.87m 3.40h, lr: 0.000100
[2024-01-02 20:14:04,428][kospeech.utils][INFO] - step: 2270/3624, loss: 1.116368, cer: 0.49, elapsed: 6.34s 26.98m 3.40h, lr: 0.000100
[2024-01-02 20:14:11,539][kospeech.utils][INFO] - step: 2280/3624, loss: 0.785655, cer: 0.49, elapsed: 7.11s 27.10m 3.40h, lr: 0.000100
[2024-01-02 20:14:18,204][kospeech.utils][INFO] - step: 2290/3624, loss: 0.905885, cer: 0.49, elapsed: 6.66s 27.21m 3.40h, lr: 0.000100
[2024-01-02 20:14:25,605][kospeech.utils][INFO] - step: 2300/3624, loss: 0.748635, cer: 0.49, elapsed: 7.40s 27.33m 3.41h, lr: 0.000100
[2024-01-02 20:14:33,440][kospeech.utils][INFO] - step: 2310/3624, loss: 1.002355, cer: 0.49, elapsed: 7.83s 27.46m 3.41h, lr: 0.000100
[2024-01-02 20:14:40,124][kospeech.utils][INFO] - step: 2320/3624, loss: 0.689653, cer: 0.49, elapsed: 6.68s 27.57m 3.41h, lr: 0.000100
[2024-01-02 20:14:47,666][kospeech.utils][INFO] - step: 2330/3624, loss: 0.747923, cer: 0.49, elapsed: 7.54s 27.70m 3.41h, lr: 0.000100
[2024-01-02 20:14:54,827][kospeech.utils][INFO] - step: 2340/3624, loss: 0.850839, cer: 0.49, elapsed: 7.16s 27.82m 3.41h, lr: 0.000100
[2024-01-02 20:15:01,932][kospeech.utils][INFO] - step: 2350/3624, loss: 0.680830, cer: 0.49, elapsed: 7.10s 27.94m 3.42h, lr: 0.000100
[2024-01-02 20:15:08,565][kospeech.utils][INFO] - step: 2360/3624, loss: 0.979900, cer: 0.49, elapsed: 6.63s 28.05m 3.42h, lr: 0.000100
[2024-01-02 20:15:15,295][kospeech.utils][INFO] - step: 2370/3624, loss: 0.883722, cer: 0.49, elapsed: 6.73s 28.16m 3.42h, lr: 0.000100
[2024-01-02 20:15:22,517][kospeech.utils][INFO] - step: 2380/3624, loss: 0.889272, cer: 0.49, elapsed: 7.22s 28.28m 3.42h, lr: 0.000100
[2024-01-02 20:15:29,744][kospeech.utils][INFO] - step: 2390/3624, loss: 0.778943, cer: 0.49, elapsed: 7.23s 28.40m 3.42h, lr: 0.000100
[2024-01-02 20:15:36,435][kospeech.utils][INFO] - step: 2400/3624, loss: 0.763818, cer: 0.49, elapsed: 6.69s 28.51m 3.43h, lr: 0.000100
[2024-01-02 20:15:43,872][kospeech.utils][INFO] - step: 2410/3624, loss: 0.735487, cer: 0.49, elapsed: 7.44s 28.63m 3.43h, lr: 0.000100
[2024-01-02 20:15:50,535][kospeech.utils][INFO] - step: 2420/3624, loss: 0.652887, cer: 0.49, elapsed: 6.66s 28.75m 3.43h, lr: 0.000100
[2024-01-02 20:15:57,857][kospeech.utils][INFO] - step: 2430/3624, loss: 0.971287, cer: 0.49, elapsed: 7.32s 28.87m 3.43h, lr: 0.000100
[2024-01-02 20:16:04,790][kospeech.utils][INFO] - step: 2440/3624, loss: 0.744634, cer: 0.49, elapsed: 6.93s 28.98m 3.43h, lr: 0.000100
[2024-01-02 20:16:12,311][kospeech.utils][INFO] - step: 2450/3624, loss: 0.703074, cer: 0.49, elapsed: 7.52s 29.11m 3.44h, lr: 0.000100
[2024-01-02 20:16:19,473][kospeech.utils][INFO] - step: 2460/3624, loss: 0.971253, cer: 0.49, elapsed: 7.16s 29.23m 3.44h, lr: 0.000100
[2024-01-02 20:16:26,643][kospeech.utils][INFO] - step: 2470/3624, loss: 0.862182, cer: 0.49, elapsed: 7.17s 29.35m 3.44h, lr: 0.000100
[2024-01-02 20:16:33,706][kospeech.utils][INFO] - step: 2480/3624, loss: 0.866483, cer: 0.49, elapsed: 7.06s 29.47m 3.44h, lr: 0.000100
[2024-01-02 20:16:40,451][kospeech.utils][INFO] - step: 2490/3624, loss: 0.910367, cer: 0.49, elapsed: 6.74s 29.58m 3.44h, lr: 0.000100
[2024-01-02 20:16:46,672][kospeech.utils][INFO] - step: 2500/3624, loss: 0.787763, cer: 0.49, elapsed: 6.22s 29.68m 3.44h, lr: 0.000100
[2024-01-02 20:16:53,701][kospeech.utils][INFO] - step: 2510/3624, loss: 0.892472, cer: 0.49, elapsed: 7.03s 29.80m 3.45h, lr: 0.000100
[2024-01-02 20:17:00,842][kospeech.utils][INFO] - step: 2520/3624, loss: 0.835706, cer: 0.49, elapsed: 7.14s 29.92m 3.45h, lr: 0.000100
[2024-01-02 20:17:08,652][kospeech.utils][INFO] - step: 2530/3624, loss: 0.716339, cer: 0.49, elapsed: 7.77s 30.05m 3.45h, lr: 0.000100
[2024-01-02 20:17:16,097][kospeech.utils][INFO] - step: 2540/3624, loss: 0.715228, cer: 0.49, elapsed: 7.43s 30.17m 3.45h, lr: 0.000100
[2024-01-02 20:17:22,798][kospeech.utils][INFO] - step: 2550/3624, loss: 1.093168, cer: 0.49, elapsed: 6.70s 30.28m 3.46h, lr: 0.000100
[2024-01-02 20:17:30,399][kospeech.utils][INFO] - step: 2560/3624, loss: 0.865896, cer: 0.48, elapsed: 7.60s 30.41m 3.46h, lr: 0.000100
[2024-01-02 20:17:37,929][kospeech.utils][INFO] - step: 2570/3624, loss: 0.931359, cer: 0.48, elapsed: 7.50s 30.54m 3.46h, lr: 0.000100
[2024-01-02 20:17:45,356][kospeech.utils][INFO] - step: 2580/3624, loss: 0.811936, cer: 0.48, elapsed: 7.38s 30.66m 3.46h, lr: 0.000100
[2024-01-02 20:17:52,394][kospeech.utils][INFO] - step: 2590/3624, loss: 0.706391, cer: 0.48, elapsed: 7.04s 30.78m 3.46h, lr: 0.000100
[2024-01-02 20:17:59,415][kospeech.utils][INFO] - step: 2600/3624, loss: 0.646509, cer: 0.48, elapsed: 7.02s 30.89m 3.47h, lr: 0.000100
[2024-01-02 20:18:06,436][kospeech.utils][INFO] - step: 2610/3624, loss: 0.804612, cer: 0.48, elapsed: 7.01s 31.01m 3.47h, lr: 0.000100
[2024-01-02 20:18:12,939][kospeech.utils][INFO] - step: 2620/3624, loss: 0.786021, cer: 0.48, elapsed: 6.50s 31.12m 3.47h, lr: 0.000100
[2024-01-02 20:18:20,319][kospeech.utils][INFO] - step: 2630/3624, loss: 0.678114, cer: 0.48, elapsed: 7.38s 31.24m 3.47h, lr: 0.000100
[2024-01-02 20:18:27,277][kospeech.utils][INFO] - step: 2640/3624, loss: 0.841212, cer: 0.48, elapsed: 6.95s 31.36m 3.47h, lr: 0.000100
[2024-01-02 20:18:34,358][kospeech.utils][INFO] - step: 2650/3624, loss: 0.649199, cer: 0.48, elapsed: 7.08s 31.48m 3.47h, lr: 0.000100
[2024-01-02 20:18:41,723][kospeech.utils][INFO] - step: 2660/3624, loss: 1.005202, cer: 0.48, elapsed: 7.36s 31.60m 3.48h, lr: 0.000100
[2024-01-02 20:18:49,022][kospeech.utils][INFO] - step: 2670/3624, loss: 0.719927, cer: 0.48, elapsed: 7.30s 31.72m 3.48h, lr: 0.000100
[2024-01-02 20:18:55,805][kospeech.utils][INFO] - step: 2680/3624, loss: 0.917031, cer: 0.48, elapsed: 6.78s 31.83m 3.48h, lr: 0.000100
[2024-01-02 20:19:03,275][kospeech.utils][INFO] - step: 2690/3624, loss: 0.868445, cer: 0.48, elapsed: 7.47s 31.96m 3.48h, lr: 0.000100
[2024-01-02 20:19:09,971][kospeech.utils][INFO] - step: 2700/3624, loss: 0.728277, cer: 0.48, elapsed: 6.70s 32.07m 3.48h, lr: 0.000100
[2024-01-02 20:19:17,184][kospeech.utils][INFO] - step: 2710/3624, loss: 0.701952, cer: 0.48, elapsed: 7.21s 32.19m 3.49h, lr: 0.000100
[2024-01-02 20:19:23,376][kospeech.utils][INFO] - step: 2720/3624, loss: 0.878767, cer: 0.48, elapsed: 6.19s 32.29m 3.49h, lr: 0.000100
[2024-01-02 20:19:31,070][kospeech.utils][INFO] - step: 2730/3624, loss: 0.861105, cer: 0.48, elapsed: 7.69s 32.42m 3.49h, lr: 0.000100
[2024-01-02 20:19:38,258][kospeech.utils][INFO] - step: 2740/3624, loss: 0.852070, cer: 0.48, elapsed: 7.19s 32.54m 3.49h, lr: 0.000100
[2024-01-02 20:19:45,722][kospeech.utils][INFO] - step: 2750/3624, loss: 0.810817, cer: 0.48, elapsed: 7.46s 32.67m 3.49h, lr: 0.000100
[2024-01-02 20:19:52,737][kospeech.utils][INFO] - step: 2760/3624, loss: 0.775739, cer: 0.48, elapsed: 7.01s 32.78m 3.50h, lr: 0.000100
[2024-01-02 20:19:59,233][kospeech.utils][INFO] - step: 2770/3624, loss: 0.772049, cer: 0.48, elapsed: 6.50s 32.89m 3.50h, lr: 0.000100
[2024-01-02 20:20:06,081][kospeech.utils][INFO] - step: 2780/3624, loss: 0.700676, cer: 0.48, elapsed: 6.85s 33.01m 3.50h, lr: 0.000100
[2024-01-02 20:20:13,425][kospeech.utils][INFO] - step: 2790/3624, loss: 0.753918, cer: 0.48, elapsed: 7.34s 33.13m 3.50h, lr: 0.000100
[2024-01-02 20:20:20,839][kospeech.utils][INFO] - step: 2800/3624, loss: 0.995480, cer: 0.48, elapsed: 7.41s 33.25m 3.50h, lr: 0.000100
[2024-01-02 20:20:27,740][kospeech.utils][INFO] - step: 2810/3624, loss: 0.845134, cer: 0.48, elapsed: 6.90s 33.37m 3.51h, lr: 0.000100
[2024-01-02 20:20:34,735][kospeech.utils][INFO] - step: 2820/3624, loss: 0.828162, cer: 0.48, elapsed: 6.99s 33.48m 3.51h, lr: 0.000100
[2024-01-02 20:20:41,710][kospeech.utils][INFO] - step: 2830/3624, loss: 0.895048, cer: 0.48, elapsed: 6.98s 33.60m 3.51h, lr: 0.000100
[2024-01-02 20:20:49,204][kospeech.utils][INFO] - step: 2840/3624, loss: 0.868059, cer: 0.48, elapsed: 7.43s 33.72m 3.51h, lr: 0.000100
[2024-01-02 20:20:56,359][kospeech.utils][INFO] - step: 2850/3624, loss: 0.795260, cer: 0.48, elapsed: 7.15s 33.84m 3.51h, lr: 0.000100
[2024-01-02 20:21:02,558][kospeech.utils][INFO] - step: 2860/3624, loss: 0.755994, cer: 0.48, elapsed: 6.20s 33.95m 3.52h, lr: 0.000100
[2024-01-02 20:21:09,753][kospeech.utils][INFO] - step: 2870/3624, loss: 0.884952, cer: 0.48, elapsed: 7.19s 34.07m 3.52h, lr: 0.000100
[2024-01-02 20:21:16,266][kospeech.utils][INFO] - step: 2880/3624, loss: 0.950382, cer: 0.48, elapsed: 6.51s 34.17m 3.52h, lr: 0.000100
[2024-01-02 20:21:23,680][kospeech.utils][INFO] - step: 2890/3624, loss: 0.831604, cer: 0.48, elapsed: 7.41s 34.30m 3.52h, lr: 0.000100
[2024-01-02 20:21:30,680][kospeech.utils][INFO] - step: 2900/3624, loss: 0.761227, cer: 0.48, elapsed: 7.00s 34.42m 3.52h, lr: 0.000100
[2024-01-02 20:21:37,579][kospeech.utils][INFO] - step: 2910/3624, loss: 0.734553, cer: 0.48, elapsed: 6.90s 34.53m 3.53h, lr: 0.000100
[2024-01-02 20:21:45,005][kospeech.utils][INFO] - step: 2920/3624, loss: 0.882131, cer: 0.48, elapsed: 7.43s 34.65m 3.53h, lr: 0.000100
[2024-01-02 20:21:52,222][kospeech.utils][INFO] - step: 2930/3624, loss: 0.977431, cer: 0.48, elapsed: 7.16s 34.77m 3.53h, lr: 0.000100
[2024-01-02 20:21:59,017][kospeech.utils][INFO] - step: 2940/3624, loss: 0.837478, cer: 0.48, elapsed: 6.79s 34.89m 3.53h, lr: 0.000100
[2024-01-02 20:22:06,581][kospeech.utils][INFO] - step: 2950/3624, loss: 0.765784, cer: 0.48, elapsed: 7.56s 35.01m 3.53h, lr: 0.000100
[2024-01-02 20:22:13,423][kospeech.utils][INFO] - step: 2960/3624, loss: 0.744704, cer: 0.48, elapsed: 6.84s 35.13m 3.54h, lr: 0.000100
[2024-01-02 20:22:20,880][kospeech.utils][INFO] - step: 2970/3624, loss: 0.731405, cer: 0.48, elapsed: 7.46s 35.25m 3.54h, lr: 0.000100
[2024-01-02 20:22:27,663][kospeech.utils][INFO] - step: 2980/3624, loss: 0.890960, cer: 0.48, elapsed: 6.78s 35.36m 3.54h, lr: 0.000100
[2024-01-02 20:22:35,675][kospeech.utils][INFO] - step: 2990/3624, loss: 0.827607, cer: 0.48, elapsed: 8.01s 35.50m 3.54h, lr: 0.000100
[2024-01-02 20:22:42,771][kospeech.utils][INFO] - step: 3000/3624, loss: 0.730718, cer: 0.48, elapsed: 7.10s 35.62m 3.54h, lr: 0.000100
[2024-01-02 20:22:50,290][kospeech.utils][INFO] - step: 3010/3624, loss: 0.966695, cer: 0.48, elapsed: 7.52s 35.74m 3.55h, lr: 0.000100
[2024-01-02 20:22:56,625][kospeech.utils][INFO] - step: 3020/3624, loss: 0.937217, cer: 0.48, elapsed: 6.33s 35.85m 3.55h, lr: 0.000100
[2024-01-02 20:23:03,232][kospeech.utils][INFO] - step: 3030/3624, loss: 0.845790, cer: 0.48, elapsed: 6.61s 35.96m 3.55h, lr: 0.000100
[2024-01-02 20:23:10,626][kospeech.utils][INFO] - step: 3040/3624, loss: 0.800837, cer: 0.48, elapsed: 7.39s 36.08m 3.55h, lr: 0.000100
[2024-01-02 20:23:18,195][kospeech.utils][INFO] - step: 3050/3624, loss: 0.861164, cer: 0.48, elapsed: 7.57s 36.21m 3.55h, lr: 0.000100
[2024-01-02 20:23:24,400][kospeech.utils][INFO] - step: 3060/3624, loss: 0.693950, cer: 0.48, elapsed: 6.21s 36.31m 3.56h, lr: 0.000100
[2024-01-02 20:23:31,284][kospeech.utils][INFO] - step: 3070/3624, loss: 0.788163, cer: 0.48, elapsed: 6.88s 36.43m 3.56h, lr: 0.000100
[2024-01-02 20:23:38,555][kospeech.utils][INFO] - step: 3080/3624, loss: 0.842837, cer: 0.48, elapsed: 7.27s 36.55m 3.56h, lr: 0.000100
[2024-01-02 20:23:45,172][kospeech.utils][INFO] - step: 3090/3624, loss: 0.758662, cer: 0.48, elapsed: 6.62s 36.66m 3.56h, lr: 0.000100
[2024-01-02 20:23:52,391][kospeech.utils][INFO] - step: 3100/3624, loss: 0.811727, cer: 0.48, elapsed: 7.22s 36.78m 3.56h, lr: 0.000100
[2024-01-02 20:24:00,752][kospeech.utils][INFO] - step: 3110/3624, loss: 0.969454, cer: 0.48, elapsed: 8.36s 36.92m 3.57h, lr: 0.000100
[2024-01-02 20:24:07,622][kospeech.utils][INFO] - step: 3120/3624, loss: 0.778579, cer: 0.48, elapsed: 6.87s 37.03m 3.57h, lr: 0.000100
[2024-01-02 20:24:14,979][kospeech.utils][INFO] - step: 3130/3624, loss: 0.994254, cer: 0.48, elapsed: 7.36s 37.15m 3.57h, lr: 0.000100
[2024-01-02 20:24:22,426][kospeech.utils][INFO] - step: 3140/3624, loss: 0.810974, cer: 0.48, elapsed: 7.45s 37.28m 3.57h, lr: 0.000100
[2024-01-02 20:24:30,050][kospeech.utils][INFO] - step: 3150/3624, loss: 0.788577, cer: 0.48, elapsed: 7.62s 37.40m 3.57h, lr: 0.000100
[2024-01-02 20:24:37,483][kospeech.utils][INFO] - step: 3160/3624, loss: 1.014624, cer: 0.48, elapsed: 7.43s 37.53m 3.58h, lr: 0.000100
[2024-01-02 20:24:44,571][kospeech.utils][INFO] - step: 3170/3624, loss: 0.976477, cer: 0.48, elapsed: 7.09s 37.65m 3.58h, lr: 0.000100
[2024-01-02 20:24:51,945][kospeech.utils][INFO] - step: 3180/3624, loss: 0.861433, cer: 0.48, elapsed: 7.37s 37.77m 3.58h, lr: 0.000100
[2024-01-02 20:24:59,136][kospeech.utils][INFO] - step: 3190/3624, loss: 0.923146, cer: 0.48, elapsed: 7.19s 37.89m 3.58h, lr: 0.000100
[2024-01-02 20:25:05,739][kospeech.utils][INFO] - step: 3200/3624, loss: 0.796667, cer: 0.48, elapsed: 6.60s 38.00m 3.58h, lr: 0.000100
[2024-01-02 20:25:12,879][kospeech.utils][INFO] - step: 3210/3624, loss: 0.819713, cer: 0.48, elapsed: 7.14s 38.12m 3.59h, lr: 0.000100
[2024-01-02 20:25:19,576][kospeech.utils][INFO] - step: 3220/3624, loss: 0.822059, cer: 0.48, elapsed: 6.70s 38.23m 3.59h, lr: 0.000100
[2024-01-02 20:25:26,555][kospeech.utils][INFO] - step: 3230/3624, loss: 0.845314, cer: 0.48, elapsed: 6.98s 38.35m 3.59h, lr: 0.000100
[2024-01-02 20:25:33,356][kospeech.utils][INFO] - step: 3240/3624, loss: 0.745757, cer: 0.48, elapsed: 6.80s 38.46m 3.59h, lr: 0.000100
[2024-01-02 20:25:39,726][kospeech.utils][INFO] - step: 3250/3624, loss: 0.849847, cer: 0.48, elapsed: 6.37s 38.57m 3.59h, lr: 0.000100
[2024-01-02 20:25:47,151][kospeech.utils][INFO] - step: 3260/3624, loss: 0.837778, cer: 0.48, elapsed: 7.41s 38.69m 3.60h, lr: 0.000100
[2024-01-02 20:25:53,722][kospeech.utils][INFO] - step: 3270/3624, loss: 0.892644, cer: 0.48, elapsed: 6.57s 38.80m 3.60h, lr: 0.000100
[2024-01-02 20:26:00,898][kospeech.utils][INFO] - step: 3280/3624, loss: 0.932553, cer: 0.48, elapsed: 7.17s 38.92m 3.60h, lr: 0.000100
[2024-01-02 20:26:07,116][kospeech.utils][INFO] - step: 3290/3624, loss: 0.905991, cer: 0.48, elapsed: 6.22s 39.02m 3.60h, lr: 0.000100
[2024-01-02 20:26:14,183][kospeech.utils][INFO] - step: 3300/3624, loss: 0.955581, cer: 0.48, elapsed: 7.07s 39.14m 3.60h, lr: 0.000100
[2024-01-02 20:26:20,435][kospeech.utils][INFO] - step: 3310/3624, loss: 0.885463, cer: 0.48, elapsed: 6.25s 39.24m 3.60h, lr: 0.000100
[2024-01-02 20:26:27,846][kospeech.utils][INFO] - step: 3320/3624, loss: 0.735419, cer: 0.48, elapsed: 7.41s 39.37m 3.61h, lr: 0.000100
[2024-01-02 20:26:34,735][kospeech.utils][INFO] - step: 3330/3624, loss: 0.842648, cer: 0.48, elapsed: 6.89s 39.48m 3.61h, lr: 0.000100
[2024-01-02 20:26:42,280][kospeech.utils][INFO] - step: 3340/3624, loss: 0.853292, cer: 0.48, elapsed: 7.54s 39.61m 3.61h, lr: 0.000100
[2024-01-02 20:26:48,947][kospeech.utils][INFO] - step: 3350/3624, loss: 0.866584, cer: 0.48, elapsed: 6.67s 39.72m 3.61h, lr: 0.000100
[2024-01-02 20:26:55,979][kospeech.utils][INFO] - step: 3360/3624, loss: 0.819498, cer: 0.48, elapsed: 7.03s 39.84m 3.61h, lr: 0.000100
[2024-01-02 20:27:03,079][kospeech.utils][INFO] - step: 3370/3624, loss: 0.774730, cer: 0.48, elapsed: 7.10s 39.96m 3.62h, lr: 0.000100
[2024-01-02 20:27:09,766][kospeech.utils][INFO] - step: 3380/3624, loss: 0.751147, cer: 0.48, elapsed: 6.69s 40.07m 3.62h, lr: 0.000100
[2024-01-02 20:27:16,615][kospeech.utils][INFO] - step: 3390/3624, loss: 0.795899, cer: 0.48, elapsed: 6.85s 40.18m 3.62h, lr: 0.000100
[2024-01-02 20:27:23,871][kospeech.utils][INFO] - step: 3400/3624, loss: 0.858936, cer: 0.48, elapsed: 7.26s 40.30m 3.62h, lr: 0.000100
[2024-01-02 20:27:31,044][kospeech.utils][INFO] - step: 3410/3624, loss: 1.107117, cer: 0.48, elapsed: 7.17s 40.42m 3.62h, lr: 0.000100
[2024-01-02 20:27:37,821][kospeech.utils][INFO] - step: 3420/3624, loss: 0.988020, cer: 0.48, elapsed: 6.78s 40.53m 3.63h, lr: 0.000100
[2024-01-02 20:27:45,250][kospeech.utils][INFO] - step: 3430/3624, loss: 0.738387, cer: 0.48, elapsed: 7.43s 40.66m 3.63h, lr: 0.000100
[2024-01-02 20:27:52,320][kospeech.utils][INFO] - step: 3440/3624, loss: 0.756771, cer: 0.48, elapsed: 7.07s 40.78m 3.63h, lr: 0.000100
[2024-01-02 20:27:59,782][kospeech.utils][INFO] - step: 3450/3624, loss: 0.749740, cer: 0.48, elapsed: 7.46s 40.90m 3.63h, lr: 0.000100
[2024-01-02 20:28:07,729][kospeech.utils][INFO] - step: 3460/3624, loss: 0.930737, cer: 0.48, elapsed: 7.95s 41.03m 3.63h, lr: 0.000100
[2024-01-02 20:28:15,304][kospeech.utils][INFO] - step: 3470/3624, loss: 0.780087, cer: 0.48, elapsed: 7.57s 41.16m 3.64h, lr: 0.000100
[2024-01-02 20:28:22,793][kospeech.utils][INFO] - step: 3480/3624, loss: 0.844285, cer: 0.48, elapsed: 7.49s 41.28m 3.64h, lr: 0.000100
[2024-01-02 20:28:30,020][kospeech.utils][INFO] - step: 3490/3624, loss: 0.778442, cer: 0.48, elapsed: 7.23s 41.40m 3.64h, lr: 0.000100
[2024-01-02 20:28:37,077][kospeech.utils][INFO] - step: 3500/3624, loss: 0.774917, cer: 0.48, elapsed: 7.06s 41.52m 3.64h, lr: 0.000100
[2024-01-02 20:28:44,775][kospeech.utils][INFO] - step: 3510/3624, loss: 0.810056, cer: 0.48, elapsed: 7.70s 41.65m 3.64h, lr: 0.000100
[2024-01-02 20:28:51,609][kospeech.utils][INFO] - step: 3520/3624, loss: 0.862523, cer: 0.48, elapsed: 6.83s 41.76m 3.65h, lr: 0.000100
[2024-01-02 20:28:58,808][kospeech.utils][INFO] - step: 3530/3624, loss: 0.733451, cer: 0.48, elapsed: 7.20s 41.88m 3.65h, lr: 0.000100
[2024-01-02 20:29:06,509][kospeech.utils][INFO] - step: 3540/3624, loss: 0.840372, cer: 0.48, elapsed: 7.70s 42.01m 3.65h, lr: 0.000100
[2024-01-02 20:29:12,929][kospeech.utils][INFO] - step: 3550/3624, loss: 0.810987, cer: 0.48, elapsed: 6.42s 42.12m 3.65h, lr: 0.000100
[2024-01-02 20:29:20,156][kospeech.utils][INFO] - step: 3560/3624, loss: 0.869280, cer: 0.48, elapsed: 7.23s 42.24m 3.65h, lr: 0.000100
[2024-01-02 20:29:27,215][kospeech.utils][INFO] - step: 3570/3624, loss: 0.749138, cer: 0.48, elapsed: 7.06s 42.36m 3.66h, lr: 0.000100
[2024-01-02 20:29:34,348][kospeech.utils][INFO] - step: 3580/3624, loss: 0.899559, cer: 0.48, elapsed: 7.13s 42.48m 3.66h, lr: 0.000100
[2024-01-02 20:29:41,236][kospeech.utils][INFO] - step: 3590/3624, loss: 0.883516, cer: 0.48, elapsed: 6.89s 42.59m 3.66h, lr: 0.000100
[2024-01-02 20:29:48,169][kospeech.utils][INFO] - step: 3600/3624, loss: 0.773555, cer: 0.48, elapsed: 6.93s 42.71m 3.66h, lr: 0.000100
[2024-01-02 20:29:54,715][kospeech.utils][INFO] - step: 3610/3624, loss: 0.895223, cer: 0.48, elapsed: 6.55s 42.82m 3.66h, lr: 0.000100
[2024-01-02 20:30:02,733][kospeech.utils][INFO] - step: 3620/3624, loss: 0.909835, cer: 0.48, elapsed: 8.02s 42.95m 3.67h, lr: 0.000100
[2024-01-02 20:30:08,519][kospeech.utils][INFO] - save checkpoints
/home/use08174/stt/kospeech/outputs/2024-01-02/16-49-52/2024_01_02_20_30_06-trainer_states.pt
/home/use08174/stt/kospeech/outputs/2024-01-02/16-49-52/2024_01_02_20_30_06-model.pt
[2024-01-02 20:30:08,519][kospeech.utils][INFO] - train() completed
[2024-01-02 20:30:10,839][kospeech.utils][INFO] - save checkpoints
/home/use08174/stt/kospeech/outputs/2024-01-02/16-49-52/2024_01_02_20_30_08-trainer_states.pt
/home/use08174/stt/kospeech/outputs/2024-01-02/16-49-52/2024_01_02_20_30_08-model.pt
[2024-01-02 20:30:10,840][kospeech.utils][INFO] - Epoch 4 (Training) Loss 0.0001 CER 0.4760
[2024-01-02 20:30:10,841][kospeech.utils][INFO] - validate() start
[2024-01-02 20:30:37,315][kospeech.utils][INFO] - validate() completed
[2024-01-02 20:30:37,316][kospeech.utils][INFO] - Epoch 4 CER 0.4756
[2024-01-02 20:30:37,319][kospeech.utils][INFO] - Epoch 4 Training result saved as a csv file complete !!
[2024-01-02 20:30:37,350][kospeech.utils][INFO] - Epoch 5 start
[2024-01-02 20:30:44,766][kospeech.utils][INFO] - step:   10/3624, loss: 0.881492, cer: 0.48, elapsed: 7.24s 0.12m 3.68h, lr: 0.000100
[2024-01-02 20:30:51,632][kospeech.utils][INFO] - step:   20/3624, loss: 0.791659, cer: 0.48, elapsed: 6.87s 0.24m 3.68h, lr: 0.000100
[2024-01-02 20:30:58,962][kospeech.utils][INFO] - step:   30/3624, loss: 0.627902, cer: 0.48, elapsed: 7.33s 0.36m 3.68h, lr: 0.000100
[2024-01-02 20:31:05,931][kospeech.utils][INFO] - step:   40/3624, loss: 0.671661, cer: 0.48, elapsed: 6.97s 0.47m 3.68h, lr: 0.000100
[2024-01-02 20:31:13,327][kospeech.utils][INFO] - step:   50/3624, loss: 0.487609, cer: 0.48, elapsed: 7.40s 0.60m 3.69h, lr: 0.000100
[2024-01-02 20:31:20,809][kospeech.utils][INFO] - step:   60/3624, loss: 0.684308, cer: 0.48, elapsed: 7.48s 0.72m 3.69h, lr: 0.000100
[2024-01-02 20:31:28,309][kospeech.utils][INFO] - step:   70/3624, loss: 0.733529, cer: 0.48, elapsed: 7.50s 0.85m 3.69h, lr: 0.000100
[2024-01-02 20:31:34,978][kospeech.utils][INFO] - step:   80/3624, loss: 0.949703, cer: 0.47, elapsed: 6.67s 0.96m 3.69h, lr: 0.000100
[2024-01-02 20:31:42,083][kospeech.utils][INFO] - step:   90/3624, loss: 0.897911, cer: 0.47, elapsed: 7.10s 1.08m 3.69h, lr: 0.000100
[2024-01-02 20:31:48,798][kospeech.utils][INFO] - step:  100/3624, loss: 0.638155, cer: 0.47, elapsed: 6.71s 1.19m 3.70h, lr: 0.000100
[2024-01-02 20:31:56,049][kospeech.utils][INFO] - step:  110/3624, loss: 0.688223, cer: 0.47, elapsed: 7.25s 1.31m 3.70h, lr: 0.000100
[2024-01-02 20:32:03,512][kospeech.utils][INFO] - step:  120/3624, loss: 0.770107, cer: 0.47, elapsed: 7.46s 1.43m 3.70h, lr: 0.000100
[2024-01-02 20:32:10,745][kospeech.utils][INFO] - step:  130/3624, loss: 0.783738, cer: 0.47, elapsed: 7.23s 1.55m 3.70h, lr: 0.000100
[2024-01-02 20:32:17,127][kospeech.utils][INFO] - step:  140/3624, loss: 0.518285, cer: 0.47, elapsed: 6.38s 1.66m 3.70h, lr: 0.000100
[2024-01-02 20:32:24,271][kospeech.utils][INFO] - step:  150/3624, loss: 0.731613, cer: 0.47, elapsed: 7.14s 1.78m 3.71h, lr: 0.000100
[2024-01-02 20:32:31,425][kospeech.utils][INFO] - step:  160/3624, loss: 0.649360, cer: 0.47, elapsed: 7.15s 1.90m 3.71h, lr: 0.000100
[2024-01-02 20:32:38,151][kospeech.utils][INFO] - step:  170/3624, loss: 0.836427, cer: 0.47, elapsed: 6.73s 2.01m 3.71h, lr: 0.000100
[2024-01-02 20:32:45,513][kospeech.utils][INFO] - step:  180/3624, loss: 0.904250, cer: 0.47, elapsed: 7.36s 2.13m 3.71h, lr: 0.000100
[2024-01-02 20:32:52,976][kospeech.utils][INFO] - step:  190/3624, loss: 0.709877, cer: 0.47, elapsed: 7.46s 2.26m 3.71h, lr: 0.000100
[2024-01-02 20:32:59,659][kospeech.utils][INFO] - step:  200/3624, loss: 0.658822, cer: 0.47, elapsed: 6.68s 2.37m 3.72h, lr: 0.000100
[2024-01-02 20:33:06,261][kospeech.utils][INFO] - step:  210/3624, loss: 0.793064, cer: 0.47, elapsed: 6.60s 2.48m 3.72h, lr: 0.000100
[2024-01-02 20:33:13,897][kospeech.utils][INFO] - step:  220/3624, loss: 0.804396, cer: 0.47, elapsed: 7.63s 2.61m 3.72h, lr: 0.000100
[2024-01-02 20:33:20,299][kospeech.utils][INFO] - step:  230/3624, loss: 0.910453, cer: 0.47, elapsed: 6.40s 2.71m 3.72h, lr: 0.000100
[2024-01-02 20:33:28,228][kospeech.utils][INFO] - step:  240/3624, loss: 0.920645, cer: 0.47, elapsed: 7.93s 2.85m 3.72h, lr: 0.000100
[2024-01-02 20:33:34,760][kospeech.utils][INFO] - step:  250/3624, loss: 0.963756, cer: 0.47, elapsed: 6.53s 2.95m 3.73h, lr: 0.000100
[2024-01-02 20:33:42,245][kospeech.utils][INFO] - step:  260/3624, loss: 0.838933, cer: 0.47, elapsed: 7.48s 3.08m 3.73h, lr: 0.000100
[2024-01-02 20:33:49,292][kospeech.utils][INFO] - step:  270/3624, loss: 0.557719, cer: 0.47, elapsed: 7.05s 3.20m 3.73h, lr: 0.000100
[2024-01-02 20:33:56,298][kospeech.utils][INFO] - step:  280/3624, loss: 0.837689, cer: 0.47, elapsed: 7.01s 3.31m 3.73h, lr: 0.000100
[2024-01-02 20:34:02,654][kospeech.utils][INFO] - step:  290/3624, loss: 0.702253, cer: 0.47, elapsed: 6.36s 3.42m 3.73h, lr: 0.000100
[2024-01-02 20:34:10,407][kospeech.utils][INFO] - step:  300/3624, loss: 0.737772, cer: 0.47, elapsed: 7.75s 3.55m 3.73h, lr: 0.000100
[2024-01-02 20:34:17,582][kospeech.utils][INFO] - step:  310/3624, loss: 0.670095, cer: 0.47, elapsed: 7.17s 3.67m 3.74h, lr: 0.000100
[2024-01-02 20:34:24,564][kospeech.utils][INFO] - step:  320/3624, loss: 0.670540, cer: 0.47, elapsed: 6.98s 3.78m 3.74h, lr: 0.000100
[2024-01-02 20:34:31,233][kospeech.utils][INFO] - step:  330/3624, loss: 0.679416, cer: 0.47, elapsed: 6.67s 3.90m 3.74h, lr: 0.000100
[2024-01-02 20:34:39,241][kospeech.utils][INFO] - step:  340/3624, loss: 0.854404, cer: 0.47, elapsed: 8.01s 4.03m 3.74h, lr: 0.000100
[2024-01-02 20:34:46,533][kospeech.utils][INFO] - step:  350/3624, loss: 0.650887, cer: 0.47, elapsed: 7.29s 4.15m 3.74h, lr: 0.000100
[2024-01-02 20:34:53,580][kospeech.utils][INFO] - step:  360/3624, loss: 0.800082, cer: 0.47, elapsed: 7.05s 4.27m 3.75h, lr: 0.000100
[2024-01-02 20:35:00,757][kospeech.utils][INFO] - step:  370/3624, loss: 0.857537, cer: 0.47, elapsed: 7.18s 4.39m 3.75h, lr: 0.000100
[2024-01-02 20:35:08,240][kospeech.utils][INFO] - step:  380/3624, loss: 0.662451, cer: 0.47, elapsed: 7.48s 4.51m 3.75h, lr: 0.000100
[2024-01-02 20:35:15,020][kospeech.utils][INFO] - step:  390/3624, loss: 0.734595, cer: 0.47, elapsed: 6.78s 4.62m 3.75h, lr: 0.000100
[2024-01-02 20:35:22,693][kospeech.utils][INFO] - step:  400/3624, loss: 0.568056, cer: 0.47, elapsed: 7.67s 4.75m 3.75h, lr: 0.000100
[2024-01-02 20:35:29,572][kospeech.utils][INFO] - step:  410/3624, loss: 0.658789, cer: 0.47, elapsed: 6.88s 4.87m 3.76h, lr: 0.000100
[2024-01-02 20:35:36,386][kospeech.utils][INFO] - step:  420/3624, loss: 0.605376, cer: 0.47, elapsed: 6.81s 4.98m 3.76h, lr: 0.000100
[2024-01-02 20:35:43,409][kospeech.utils][INFO] - step:  430/3624, loss: 0.666917, cer: 0.47, elapsed: 7.02s 5.10m 3.76h, lr: 0.000100
[2024-01-02 20:35:51,113][kospeech.utils][INFO] - step:  440/3624, loss: 0.642532, cer: 0.47, elapsed: 7.70s 5.23m 3.76h, lr: 0.000100
[2024-01-02 20:35:57,945][kospeech.utils][INFO] - step:  450/3624, loss: 0.827496, cer: 0.47, elapsed: 6.83s 5.34m 3.76h, lr: 0.000100
[2024-01-02 20:36:05,225][kospeech.utils][INFO] - step:  460/3624, loss: 0.873961, cer: 0.47, elapsed: 7.28s 5.46m 3.77h, lr: 0.000100
[2024-01-02 20:36:11,937][kospeech.utils][INFO] - step:  470/3624, loss: 0.649196, cer: 0.47, elapsed: 6.71s 5.57m 3.77h, lr: 0.000100
[2024-01-02 20:36:19,491][kospeech.utils][INFO] - step:  480/3624, loss: 0.666395, cer: 0.47, elapsed: 7.55s 5.70m 3.77h, lr: 0.000100
[2024-01-02 20:36:27,327][kospeech.utils][INFO] - step:  490/3624, loss: 0.790844, cer: 0.47, elapsed: 7.83s 5.83m 3.77h, lr: 0.000100
[2024-01-02 20:36:34,088][kospeech.utils][INFO] - step:  500/3624, loss: 0.629025, cer: 0.47, elapsed: 6.76s 5.94m 3.77h, lr: 0.000100
[2024-01-02 20:36:40,889][kospeech.utils][INFO] - step:  510/3624, loss: 0.707552, cer: 0.47, elapsed: 6.80s 6.06m 3.78h, lr: 0.000100
